<?xml version="1.0" encoding="UTF-8" ?>
<testsuite tests="24" failures="0" name="runner.TestRunner" time="0.575" errors="0" skipped="0">
  <properties>
[...]
</properties>
  <testcase classname="Scenario: Verify that the Rates API for the latest date fetch only the success current exchange rate" name="Given Rates API for latest Foreign Exchange" time="0"/>
  <testcase classname="Scenario: Verify that the Rates API for the latest date fetch only the success current exchange rate" name="When I execute the rates API" time="0"/>
  <testcase classname="Scenario: Verify that the Rates API for the latest date fetch only the success current exchange rate" name="Then I assert the success status of the response" time="0"/>
  <testcase classname="Scenario: Verify that the Rates API for the latest date fetch only the success current exchange rate" name="Scenario: Verify that the Rates API for the latest date fetch only the success current exchange rate" time="0.1"/>
  <testcase classname="Scenario: Verify that the Rates API for the latest date fetch all the exchange rate" name="Given Rates API for latest Foreign Exchange" time="0"/>
  <testcase classname="Scenario: Verify that the Rates API for the latest date fetch all the exchange rate" name="When I execute the rates API" time="0"/>
  <testcase classname="Scenario: Verify that the Rates API for the latest date fetch all the exchange rate" name="Then I assert the response" time="0"/>
  <testcase classname="Scenario: Verify that the Rates API for the latest date fetch all the exchange rate" name="Scenario: Verify that the Rates API for the latest date fetch all the exchange rate" time="0.082"/>
  <testcase classname="Scenario: Verify that the Rates API for the latest date fetch bad status for incorrect URL" name="Given Rates API for latest Foreign Exchange" time="0.001"/>
  <testcase classname="Scenario: Verify that the Rates API for the latest date fetch bad status for incorrect URL" name="When I execute the rates API for incorrect URL" time="0"/>
  <testcase classname="Scenario: Verify that the Rates API for the latest date fetch bad status for incorrect URL" name="Then I assert the response as per the incorrect URL" time="0"/>
  <testcase classname="Scenario: Verify that the Rates API for the latest date fetch bad status for incorrect URL" name="Scenario: Verify that the Rates API for the latest date fetch bad status for incorrect URL" time="0.072"/>
  <testcase classname="Scenario: Verify that the Rates API for the specific past date fetch all the exchange rate" name="Given Rates API for Foreign Exchange for specific date" time="0.002"/>
  <testcase classname="Scenario: Verify that the Rates API for the specific past date fetch all the exchange rate" name="When I execute the rates for specific date API" time="0"/>
  <testcase classname="Scenario: Verify that the Rates API for the specific past date fetch all the exchange rate" name="Then I assert the success status of the response" time="0"/>
  <testcase classname="Scenario: Verify that the Rates API for the specific past date fetch all the exchange rate" name="Scenario: Verify that the Rates API for the specific past date fetch all the exchange rate" time="0.085"/>
  <testcase classname="Scenario: Verify that the Rates API for the specific date fetch all the exchange rate" name="Given Rates API for Foreign Exchange for specific date" time="0"/>
  <testcase classname="Scenario: Verify that the Rates API for the specific date fetch all the exchange rate" name="When I execute the rates for specific date API" time="0"/>
  <testcase classname="Scenario: Verify that the Rates API for the specific date fetch all the exchange rate" name="Then I assert the response" time="0"/>
  <testcase classname="Scenario: Verify that the Rates API for the specific date fetch all the exchange rate" name="Scenario: Verify that the Rates API for the specific date fetch all the exchange rate" time="0.09"/>
  <testcase classname="Scenario: Verify that the Rates API for the future date fetch all the exchange rate for today date" name="Given Rates API for Foreign Exchange for specific date" time="0"/>
  <testcase classname="Scenario: Verify that the Rates API for the future date fetch all the exchange rate for today date" name="When I execute the rates API for a future date" time="0"/>
  <testcase classname="Scenario: Verify that the Rates API for the future date fetch all the exchange rate for today date" name="Then I validate the response matches the current date exchange rates" time="0"/>
  <testcase classname="Scenario: Verify that the Rates API for the future date fetch all the exchange rate for today date" name="Scenario: Verify that the Rates API for the future date fetch all the exchange rate for today date" time="0.143"/>
</testsuite>